<?xml version="1.0" encoding="UTF-8"?>
<testsuite name="ScrabbleTest" tests="4" skipped="0" failures="0" errors="0" timestamp="2017-03-21T22:33:03" hostname="Colins-MacBook-Pro.local" time="0.003">
  <properties/>
  <testcase name="calculateScore_returnScoreOfMultipleLetters_11" classname="ScrabbleTest" time="0.002"/>
  <testcase name="calculateScore_returnsScoreOfSingleLetter_1" classname="ScrabbleTest" time="0.0"/>
  <testcase name="calculateScore_ignoreNonAlphabeticalCharacters_1" classname="ScrabbleTest" time="0.0"/>
  <testcase name="calculateScore_returnScoreRegardlessOfCase_1" classname="ScrabbleTest" time="0.001"/>
  <system-out><![CDATA[]]></system-out>
  <system-err><![CDATA[]]></system-err>
</testsuite>
